<?xml version="1.0" encoding="UTF-8"?>
<!-- Generated by org.testng.reporters.JUnitReportReporter -->
<testsuite hostname="Lenovo-PC" name="com.seleniu.project.DataDrivenTest" tests="1" failures="0" timestamp="18 Mar 2018 20:39:09 GMT" time="0.656" errors="0">
  <testcase name="readTestData" time="0.656" classname="com.seleniu.project.DataDrivenTest"/>
</testsuite> <!-- com.seleniu.project.DataDrivenTest -->
