<?xml version="1.0" encoding="UTF-8"?>
<!-- Generated by org.testng.reporters.JUnitReportReporter -->
<testsuite hostname="Lenovo-PC" name="com.seleniu.project.ReadExcel" tests="1" failures="0" timestamp="18 Mar 2018 20:24:28 GMT" time="0.625" errors="0">
  <testcase name="readexcel" time="0.625" classname="com.seleniu.project.ReadExcel"/>
</testsuite> <!-- com.seleniu.project.ReadExcel -->
